# JRE version: Java(TM) SE Runtime Environment (8.0_45-b14) (build 1.8.0_45-b14)
# Java VM: Java HotSpot(TM) Server VM (25.45-b02 mixed mode linux-x86 )
Heap:
 PSYoungGen      total 167680K, used 12189K [0x9c580000, 0xa7000000, 0xa7000000)
  eden space 161280K, 5% used [0x9c580000,0x9ce27600,0xa6300000)
  from space 6400K, 52% used [0xa6300000,0xa6640000,0xa6940000)
  to   space 6400K, 0% used [0xa69c0000,0xa69c0000,0xa7000000)
 ParOldGen       total 293888K, used 275037K [0x87000000, 0x98f00000, 0x9c580000)
  object space 293888K, 93% used [0x87000000,0x97c97770,0x98f00000)
 Metaspace       used 11056K, capacity 11230K, committed 11312K, reserved 11568K
GC Heap History (10 events):
Event: 5674.957 GC heap before
{Heap before GC invocations=5307 (full 70):
 PSYoungGen      total 167424K, used 164176K [0x9c580000, 0xa7000000, 0xa7000000)
  eden space 160512K, 100% used [0x9c580000,0xa6240000,0xa6240000)
  from space 6912K, 53% used [0xa6900000,0xa6c94000,0xa6fc0000)
  to   space 6912K, 0% used [0xa6240000,0xa6240000,0xa6900000)
 ParOldGen       total 293888K, used 263871K [0x87000000, 0x98f00000, 0x9c580000)
  object space 293888K, 89% used [0x87000000,0x971aff10,0x98f00000)
 Metaspace       used 11054K, capacity 11230K, committed 11312K, reserved 11568K
Event: 5674.995 GC heap after
Heap after GC invocations=5307 (full 70):
 PSYoungGen      total 167424K, used 3968K [0x9c580000, 0xa6f80000, 0xa7000000)
  eden space 160512K, 0% used [0x9c580000,0x9c580000,0xa6240000)
  from space 6912K, 57% used [0xa6240000,0xa6620020,0xa6900000)
  to   space 6656K, 0% used [0xa6900000,0xa6900000,0xa6f80000)
 ParOldGen       total 293888K, used 265999K [0x87000000, 0x98f00000, 0x9c580000)
  object space 293888K, 90% used [0x87000000,0x973c3f10,0x98f00000)
 Metaspace       used 11054K, capacity 11230K, committed 11312K, reserved 11568K
}
Event: 5677.738 GC heap before
{Heap before GC invocations=5308 (full 70):
 PSYoungGen      total 167424K, used 164480K [0x9c580000, 0xa6f80000, 0xa7000000)
  eden space 160512K, 100% used [0x9c580000,0xa6240000,0xa6240000)
  from space 6912K, 57% used [0xa6240000,0xa6620020,0xa6900000)
  to   space 6656K, 0% used [0xa6900000,0xa6900000,0xa6f80000)
 ParOldGen       total 293888K, used 265999K [0x87000000, 0x98f00000, 0x9c580000)
  object space 293888K, 90% used [0x87000000,0x973c3f10,0x98f00000)
 Metaspace       used 11054K, capacity 11230K, committed 11312K, reserved 11568K
Event: 5677.789 GC heap after
Heap after GC invocations=5308 (full 70):
 PSYoungGen      total 167424K, used 4016K [0x9c580000, 0xa6fc0000, 0xa7000000)
  eden space 160768K, 0% used [0x9c580000,0x9c580000,0xa6280000)
  from space 6656K, 60% used [0xa6900000,0xa6cec000,0xa6f80000)
  to   space 6656K, 0% used [0xa6280000,0xa6280000,0xa6900000)
 ParOldGen       total 293888K, used 267791K [0x87000000, 0x98f00000, 0x9c580000)
  object space 293888K, 91% used [0x87000000,0x97583f50,0x98f00000)
 Metaspace       used 11054K, capacity 11230K, committed 11312K, reserved 11568K
}
Event: 5680.225 GC heap before
{Heap before GC invocations=5309 (full 70):
 PSYoungGen      total 167424K, used 164784K [0x9c580000, 0xa6fc0000, 0xa7000000)
  eden space 160768K, 100% used [0x9c580000,0xa6280000,0xa6280000)
  from space 6656K, 60% used [0xa6900000,0xa6cec000,0xa6f80000)
  to   space 6656K, 0% used [0xa6280000,0xa6280000,0xa6900000)
 ParOldGen       total 293888K, used 267791K [0x87000000, 0x98f00000, 0x9c580000)
  object space 293888K, 91% used [0x87000000,0x97583f50,0x98f00000)
 Metaspace       used 11054K, capacity 11230K, committed 11312K, reserved 11568K
Event: 5680.289 GC heap after
Heap after GC invocations=5309 (full 70):
 PSYoungGen      total 167424K, used 3240K [0x9c580000, 0xa7000000, 0xa7000000)
  eden space 160768K, 0% used [0x9c580000,0x9c580000,0xa6280000)
  from space 6656K, 48% used [0xa6280000,0xa65aa010,0xa6900000)
  to   space 6656K, 0% used [0xa6980000,0xa6980000,0xa7000000)
 ParOldGen       total 293888K, used 269821K [0x87000000, 0x98f00000, 0x9c580000)
  object space 293888K, 91% used [0x87000000,0x9777f760,0x98f00000)
 Metaspace       used 11054K, capacity 11230K, committed 11312K, reserved 11568K
}
Event: 5682.504 GC heap before
{Heap before GC invocations=5310 (full 70):
 PSYoungGen      total 167424K, used 164008K [0x9c580000, 0xa7000000, 0xa7000000)
  eden space 160768K, 100% used [0x9c580000,0xa6280000,0xa6280000)
  from space 6656K, 48% used [0xa6280000,0xa65aa010,0xa6900000)
  to   space 6656K, 0% used [0xa6980000,0xa6980000,0xa7000000)
 ParOldGen       total 293888K, used 269821K [0x87000000, 0x98f00000, 0x9c580000)
  object space 293888K, 91% used [0x87000000,0x9777f760,0x98f00000)
 Metaspace       used 11054K, capacity 11230K, committed 11312K, reserved 11568K
Event: 5682.537 GC heap after
Heap after GC invocations=5310 (full 70):
 PSYoungGen      total 167424K, used 3456K [0x9c580000, 0xa6f80000, 0xa7000000)
  eden space 161280K, 0% used [0x9c580000,0x9c580000,0xa6300000)
  from space 6144K, 56% used [0xa6980000,0xa6ce0000,0xa6f80000)
  to   space 6400K, 0% used [0xa6300000,0xa6300000,0xa6940000)
 ParOldGen       total 293888K, used 272373K [0x87000000, 0x98f00000, 0x9c580000)
  object space 293888K, 92% used [0x87000000,0x979fd770,0x98f00000)
 Metaspace       used 11054K, capacity 11230K, committed 11312K, reserved 11568K
}
Event: 5684.984 GC heap before
{Heap before GC invocations=5311 (full 70):
 PSYoungGen      total 167424K, used 164736K [0x9c580000, 0xa6f80000, 0xa7000000)
  eden space 161280K, 100% used [0x9c580000,0xa6300000,0xa6300000)
  from space 6144K, 56% used [0xa6980000,0xa6ce0000,0xa6f80000)
  to   space 6400K, 0% used [0xa6300000,0xa6300000,0xa6940000)
 ParOldGen       total 293888K, used 272373K [0x87000000, 0x98f00000, 0x9c580000)
  object space 293888K, 92% used [0x87000000,0x979fd770,0x98f00000)
 Metaspace       used 11054K, capacity 11230K, committed 11312K, reserved 11568K
Event: 5685.050 GC heap after
Heap after GC invocations=5311 (full 70):
 PSYoungGen      total 167680K, used 3328K [0x9c580000, 0xa7000000, 0xa7000000)
  eden space 161280K, 0% used [0x9c580000,0x9c580000,0xa6300000)
  from space 6400K, 52% used [0xa6300000,0xa6640000,0xa6940000)
  to   space 6400K, 0% used [0xa69c0000,0xa69c0000,0xa7000000)
 ParOldGen       total 293888K, used 275037K [0x87000000, 0x98f00000, 0x9c580000)
  object space 293888K, 93% used [0x87000000,0x97c97770,0x98f00000)
 Metaspace       used 11054K, capacity 11230K, committed 11312K, reserved 11568K
}

